<?xml version="1.0" encoding="UTF-8"?>
<!-- Generated by org.testng.reporters.JUnitReportReporter -->
<testsuite skipped="0" hostname="Gopal-PC" name="testng_package.Assertios_2aug" tests="1" failures="0" timestamp="02 Aug 2021 09:09:51 GMT" time="15.726" errors="0">
  <testcase name="titiletest" time="15.726" classname="testng_package.Assertios_2aug"/>
</testsuite> <!-- testng_package.Assertios_2aug -->
