<?xml version="1.0" encoding="UTF-8"?>
<!-- Generated by org.testng.reporters.JUnitReportReporter -->
<testsuite skipped="0" hostname="Gopal-PC" name="testng_package.Assertios_hardassert_2aug" tests="1" failures="0" timestamp="02 Aug 2021 14:18:43 GMT" time="21.055" errors="0">
  <testcase name="titiletest" time="21.055" classname="testng_package.Assertios_hardassert_2aug"/>
</testsuite> <!-- testng_package.Assertios_hardassert_2aug -->
