<?xml version="1.0" encoding="UTF-8"?>
<!-- Generated by org.testng.reporters.JUnitReportReporter -->
<testsuite skipped="0" hostname="Gopal-PC" name="testng_package.Firsttest_prioritizingtests_description" tests="2" failures="0" timestamp="02 Aug 2021 07:38:41 GMT" time="0.015" errors="0">
  <testcase name="bharath" time="0.015" classname="testng_package.Firsttest_prioritizingtests_description"/>
  <testcase name="arun" time="0.000" classname="testng_package.Firsttest_prioritizingtests_description"/>
</testsuite> <!-- testng_package.Firsttest_prioritizingtests_description -->
