<?xml version="1.0" encoding="UTF-8"?>
<!-- Generated by org.testng.reporters.JUnitReportReporter -->
<testsuite skipped="0" hostname="Gopal-PC" name="testng_package.Practice1" tests="1" failures="0" timestamp="03 Sep 2021 07:33:36 GMT" time="14.110" errors="0">
  <testcase name="logintest" time="14.110" classname="testng_package.Practice1"/>
</testsuite> <!-- testng_package.Practice1 -->
