<?xml version="1.0" encoding="UTF-8"?>
<!-- Generated by org.testng.reporters.JUnitReportReporter -->
<testsuite skipped="1" hostname="Gopal-PC" name="testng_package.Skiptescase_2aug" tests="3" failures="0" timestamp="02 Aug 2021 14:28:22 GMT" time="0.015" errors="0">
  <testcase name="m1" time="0.015" classname="testng_package.Skiptescase_2aug"/>
  <testcase name="m3" time="0.000" classname="testng_package.Skiptescase_2aug"/>
  <testcase name="m2" classname="testng_package.Skiptescase_2aug">
    <skipped/>
  </testcase> <!-- m2 -->
</testsuite> <!-- testng_package.Skiptescase_2aug -->
