<?xml version="1.0" encoding="UTF-8"?>
<!-- Generated by org.testng.reporters.JUnitReportReporter -->
<testsuite skipped="0" hostname="Gopal-PC" name="testng_package.Beforetest_beforemethod_2aug" tests="2" failures="0" timestamp="02 Aug 2021 14:18:43 GMT" time="0.011" errors="0">
  <testcase name="t2" time="0.003" classname="testng_package.Beforetest_beforemethod_2aug"/>
  <testcase name="t1" time="0.008" classname="testng_package.Beforetest_beforemethod_2aug"/>
</testsuite> <!-- testng_package.Beforetest_beforemethod_2aug -->
