<?xml version="1.0" encoding="UTF-8"?>
<!-- Generated by org.testng.reporters.JUnitReportReporter -->
<testsuite skipped="0" hostname="Gopal-PC" name="testng_package.Dataprovider_2aug" tests="4" failures="0" timestamp="03 Sep 2021 07:13:13 GMT" time="57.649" errors="0">
  <testcase name="login" time="17.382" classname="testng_package.Dataprovider_2aug"/>
  <testcase name="login" time="12.044" classname="testng_package.Dataprovider_2aug"/>
  <testcase name="login" time="15.542" classname="testng_package.Dataprovider_2aug"/>
  <testcase name="login" time="12.681" classname="testng_package.Dataprovider_2aug"/>
</testsuite> <!-- testng_package.Dataprovider_2aug -->
