<?xml version="1.0" encoding="UTF-8"?>
<!-- Generated by org.testng.reporters.JUnitReportReporter -->
<testsuite skipped="0" hostname="Gopal-PC" name="testng_package.Firsttest_prioritizingtests_description_2aug" tests="2" failures="0" timestamp="02 Aug 2021 14:11:27 GMT" time="0.004" errors="0">
  <testcase name="bharath" time="0.002" classname="testng_package.Firsttest_prioritizingtests_description_2aug"/>
  <testcase name="arun" time="0.002" classname="testng_package.Firsttest_prioritizingtests_description_2aug"/>
</testsuite> <!-- testng_package.Firsttest_prioritizingtests_description_2aug -->
