<?xml version="1.0" encoding="UTF-8"?>
<!-- Generated by org.testng.reporters.JUnitReportReporter -->
<testsuite skipped="0" hostname="Gopal-PC" name="testng_package.Dependsonmethod_2aug" tests="2" failures="0" timestamp="02 Aug 2021 17:49:46 GMT" time="0.031" errors="0">
  <testcase name="arun" time="0.000" classname="testng_package.Dependsonmethod_2aug"/>
  <testcase name="bharath" time="0.031" classname="testng_package.Dependsonmethod_2aug"/>
</testsuite> <!-- testng_package.Dependsonmethod_2aug -->
